#
# There is insufficient memory for the Java Runtime Environment to continue.
# Native memory allocation (malloc) failed to allocate 1048576 bytes for E in C:\jdk7u1_64p\jdk7u11\hotspot\src\share\vm\utilities/taskqueue.hpp
# Possible reasons:
#   The system is out of physical RAM or swap space
#   In 32 bit mode, the process size limit was hit
# Possible solutions:
#   Reduce memory load on the system
#   Increase physical memory or swap space
#   Check if swap backing store is full
#   Use 64 bit Java on a 64 bit OS
#   Decrease Java heap size (-Xmx/-Xms)
#   Decrease number of Java threads
#   Decrease Java thread stack sizes (-Xss)
#   Set larger code cache with -XX:ReservedCodeCacheSize=
# This output file may be truncated or incomplete.
#
#  Out of Memory Error (memory/allocation.inline.hpp:58), pid=6752, tid=8948
#
# JRE version: 7.0_11-b21
# Java VM: Java HotSpot(TM) 64-Bit Server VM (23.6-b04 mixed mode windows-amd64 compressed oops)
# Failed to write core dump. Minidumps are not enabled by default on client versions of Windows
#

---------------  T H R E A D  ---------------

Current thread (0x0000000002d0d800):  JavaThread "Unknown thread" [_thread_in_vm, id=8948, stack(0x0000000002ba0000,0x0000000002ca0000)]

Stack: [0x0000000002ba0000,0x0000000002ca0000]

---------------  P R O C E S S  ---------------

Java Threads: ( => current thread )

Other Threads:

=>0x0000000002d0d800 (exited) JavaThread "Unknown thread" [_thread_in_vm, id=8948, stack(0x0000000002ba0000,0x0000000002ca0000)]

VM state:not at safepoint (normal execution)

VM Mutex/Monitor currently owned by a thread: None

Heap
 PSYoungGen      total 152768K, used 2620K [0x00000007558b0000, 0x0000000760320000, 0x0000000800000000)
  eden space 131008K, 2% used [0x00000007558b0000,0x0000000755b3f110,0x000000075d8a0000)
  from space 21760K, 0% used [0x000000075ede0000,0x000000075ede0000,0x0000000760320000)
  to   space 21760K, 0% used [0x000000075d8a0000,0x000000075d8a0000,0x000000075ede0000)
 ParOldGen       total 349120K, used 0K [0x0000000600a00000, 0x0000000615ef0000, 0x00000007558b0000)
  object space 349120K, 0% used [0x0000000600a00000,0x0000000600a00000,0x0000000615ef0000)
 PSPermGen       total 21248K, used 684K [0x00000005fb800000, 0x00000005fccc0000, 0x0000000600a00000)
  object space 21248K, 3% used [0x00000005fb800000,0x00000005fb8ab398,0x00000005fccc0000)

Card table byte_map: [0x0000000005ed0000,0x0000000006f00000] byte_map_base: 0x0000000002ef4000

Polling page: 0x0000000002ac0000

Code Cache  [0x0000000002e10000, 0x0000000003080000, 0x0000000005e10000)
 total_blobs=39 nmethods=0 adapters=20 free_code_cache=48889Kb largest_free_block=50062912

Compilation events (0 events):
No events

GC Heap History (0 events):
No events

Deoptimization events (0 events):
No events

Internal exceptions (0 events):
No events

Events (10 events):
Event: 0.015 loading class 0x0000000002d1f0a0
Event: 0.015 loading class 0x0000000002d1f0a0 done
Event: 0.015 loading class 0x0000000002d1f160
Event: 0.015 loading class 0x0000000002d1f160 done
Event: 0.015 loading class 0x0000000002d1f100
Event: 0.015 loading class 0x0000000002d1f100 done
Event: 0.015 loading class 0x0000000002d56c10
Event: 0.015 loading class 0x0000000002d56c10 done
Event: 0.015 loading class 0x0000000002d56f90
Event: 0.015 loading class 0x0000000002d56f90 done


Dynamic libraries:
0x000007f6c1ec0000 - 0x000007f6c1ef3000 	C:\Program Files\Java\jre7\bin\javaw.exe
0x000007fba7780000 - 0x000007fba793e000 	C:\Windows\SYSTEM32\ntdll.dll
0x000007fba4ee0000 - 0x000007fba5016000 	C:\Windows\system32\KERNEL32.DLL
0x000007fba4890000 - 0x000007fba4983000 	C:\Windows\system32\KERNELBASE.dll
0x000007fba5380000 - 0x000007fba545e000 	C:\Windows\system32\ADVAPI32.dll
0x000007fba6af0000 - 0x000007fba6c3c000 	C:\Windows\system32\USER32.dll
0x000007fba20f0000 - 0x000007fba2359000 	C:\Windows\WinSxS\amd64_microsoft.windows.common-controls_6595b64144ccf1df_6.0.9200.16384_none_418c2a697189c07f\COMCTL32.dll
0x000007fba7540000 - 0x000007fba75e5000 	C:\Windows\system32\msvcrt.dll
0x000007fba6da0000 - 0x000007fba6de8000 	C:\Windows\SYSTEM32\sechost.dll
0x000007fba51e0000 - 0x000007fba5320000 	C:\Windows\system32\RPCRT4.dll
0x000007fba6df0000 - 0x000007fba6f30000 	C:\Windows\system32\GDI32.dll
0x000007fba6d60000 - 0x000007fba6d99000 	C:\Windows\system32\IMM32.DLL
0x000007fba6c40000 - 0x000007fba6d55000 	C:\Windows\system32\MSCTF.dll
0x00000000755a0000 - 0x0000000075671000 	C:\Program Files\Java\jre7\bin\msvcr100.dll
0x0000000074e80000 - 0x000000007559f000 	C:\Program Files\Java\jre7\bin\server\jvm.dll
0x000007fb8eb50000 - 0x000007fb8eb59000 	C:\Windows\SYSTEM32\WSOCK32.dll
0x000007fba16e0000 - 0x000007fba1700000 	C:\Windows\SYSTEM32\WINMM.dll
0x000007fba6f30000 - 0x000007fba6f37000 	C:\Windows\system32\PSAPI.DLL
0x000007fba7110000 - 0x000007fba7168000 	C:\Windows\system32\WS2_32.dll
0x000007fba1780000 - 0x000007fba17b2000 	C:\Windows\SYSTEM32\WINMMBASE.dll
0x000007fba6ae0000 - 0x000007fba6ae9000 	C:\Windows\system32\NSI.dll
0x0000000075e80000 - 0x0000000075e8f000 	C:\Program Files\Java\jre7\bin\verify.dll
0x00000000758d0000 - 0x00000000758f8000 	C:\Program Files\Java\jre7\bin\java.dll
0x0000000075d20000 - 0x0000000075d35000 	C:\Program Files\Java\jre7\bin\zip.dll

VM Arguments:
jvm_args: -Dfile.encoding=Cp1252 
java_command: Home
Launcher Type: SUN_STANDARD

Environment Variables:
PATH=C:\Program Files (x86)\Google\Chrome\Application;C:\Program Files (x86)\NVIDIA Corporation\PhysX\Common;C:\Windows\system32;C:\Windows;C:\Windows\System32\Wbem;C:\Windows\System32\WindowsPowerShell\v1.0\;C:\Program Files (x86)\Common Files\Adobe\AGL;C:\Program Files (x86)\MiKTeX 2.9\miktex\bin\
USERNAME=Fabiano
OS=Windows_NT
PROCESSOR_IDENTIFIER=Intel64 Family 6 Model 58 Stepping 9, GenuineIntel



---------------  S Y S T E M  ---------------

OS: Windows 8 , 64 bit Build 9200 

CPU:total 8 (4 cores per cpu, 2 threads per core) family 6 model 58 stepping 9, cmov, cx8, fxsr, mmx, sse, sse2, sse3, ssse3, sse4.1, sse4.2, popcnt, avx, ht, tsc, tscinvbit, tscinv

Memory: 4k page, physical 33512956k(10036076k free), swap 41511592k(5856k free)

vm_info: Java HotSpot(TM) 64-Bit Server VM (23.6-b04) for windows-amd64 JRE (1.7.0_11-b21), built on Jan 12 2013 02:38:42 by "java_re" with unknown MS VC++:1600

time: Fri Feb 08 17:29:37 2013
elapsed time: 0 seconds

