#
# There is insufficient memory for the Java Runtime Environment to continue.
# Native memory allocation (malloc) failed to allocate 272400 bytes for Chunk::new
# Possible reasons:
#   The system is out of physical RAM or swap space
#   In 32 bit mode, the process size limit was hit
# Possible solutions:
#   Reduce memory load on the system
#   Increase physical memory or swap space
#   Check if swap backing store is full
#   Use 64 bit Java on a 64 bit OS
#   Decrease Java heap size (-Xmx/-Xms)
#   Decrease number of Java threads
#   Decrease Java thread stack sizes (-Xss)
#   Set larger code cache with -XX:ReservedCodeCacheSize=
# This output file may be truncated or incomplete.
#
#  Out of Memory Error (allocation.cpp:328), pid=7208, tid=9692
#
# JRE version: 7.0_17-b02
# Java VM: Java HotSpot(TM) 64-Bit Server VM (23.7-b01 mixed mode windows-amd64 compressed oops)
# Failed to write core dump. Minidumps are not enabled by default on client versions of Windows
#

---------------  T H R E A D  ---------------

Current thread (0x000000001be54800):  JavaThread "C2 CompilerThread0" daemon [_thread_in_native, id=9692, stack(0x000000001e060000,0x000000001e160000)]

Stack: [0x000000001e060000,0x000000001e160000]

Current CompileTask:
C2:   2244   31             sun.misc.FloatingDecimal::dtoa (1421 bytes)


---------------  P R O C E S S  ---------------

Java Threads: ( => current thread )
  0x0000000021b8f800 JavaThread "DestroyJavaVM" [_thread_blocked, id=8944, stack(0x00000000023d0000,0x00000000024d0000)]
  0x0000000021b4f000 JavaThread "com.sun.pdfview.CopyOfPDFViewer$PagePreparer" daemon [_thread_blocked, id=5424, stack(0x000000001f530000,0x000000001f630000)]
  0x0000000021b4e800 JavaThread "com.sun.pdfview.PDFParser" [_thread_in_Java, id=9676, stack(0x000000001f430000,0x000000001f530000)]
  0x0000000021b5b000 JavaThread "com.sun.pdfview.ThumbPanel" [_thread_in_Java, id=5628, stack(0x000000001f330000,0x000000001f430000)]
  0x000000001e808800 JavaThread "TimerQueue" daemon [_thread_blocked, id=3004, stack(0x0000000023730000,0x0000000023830000)]
  0x000000001e805800 JavaThread "D3D Screen Updater" daemon [_thread_blocked, id=1188, stack(0x0000000022f10000,0x0000000023010000)]
  0x000000001e7dc800 JavaThread "Swing-Shell" daemon [_thread_blocked, id=10092, stack(0x00000000222b0000,0x00000000223b0000)]
  0x000000001e611800 JavaThread "AWT-EventQueue-0" [_thread_blocked, id=10160, stack(0x0000000020670000,0x0000000020770000)]
  0x000000001e62b800 JavaThread "Image Fetcher 0" daemon [_thread_blocked, id=10212, stack(0x0000000020570000,0x0000000020670000)]
  0x000000001e555800 JavaThread "AWT-Windows" daemon [_thread_in_native, id=7672, stack(0x000000001ee60000,0x000000001ef60000)]
  0x000000001e555000 JavaThread "AWT-Shutdown" [_thread_blocked, id=8992, stack(0x000000001ed60000,0x000000001ee60000)]
  0x000000001e539800 JavaThread "Java2D Disposer" daemon [_thread_blocked, id=9208, stack(0x000000001ec60000,0x000000001ed60000)]
  0x000000001be60800 JavaThread "Service Thread" daemon [_thread_blocked, id=8884, stack(0x000000001e260000,0x000000001e360000)]
  0x000000001be56800 JavaThread "C2 CompilerThread1" daemon [_thread_blocked, id=3984, stack(0x000000001e160000,0x000000001e260000)]
=>0x000000001be54800 JavaThread "C2 CompilerThread0" daemon [_thread_in_native, id=9692, stack(0x000000001e060000,0x000000001e160000)]
  0x000000001be54000 JavaThread "Attach Listener" daemon [_thread_blocked, id=9400, stack(0x000000001df60000,0x000000001e060000)]
  0x000000001be4f000 JavaThread "Signal Dispatcher" daemon [_thread_blocked, id=9728, stack(0x000000001de60000,0x000000001df60000)]
  0x000000001be0b000 JavaThread "Finalizer" daemon [_thread_blocked, id=7252, stack(0x000000001dd60000,0x000000001de60000)]
  0x000000001be04000 JavaThread "Reference Handler" daemon [_thread_blocked, id=10924, stack(0x000000001dc60000,0x000000001dd60000)]

Other Threads:
  0x000000001bdff000 VMThread [stack: 0x000000001db60000,0x000000001dc60000] [id=1008]
  0x000000001be7d000 WatcherThread [stack: 0x000000001e360000,0x000000001e460000] [id=9596]

VM state:not at safepoint (normal execution)

VM Mutex/Monitor currently owned by a thread:  ([mutex/lock_event])
[0x00000000023cb670] MethodData_lock - owner thread: 0x0000000021b4e800

Heap
 PSYoungGen      total 152768K, used 44902K [0x0000000755800000, 0x0000000760270000, 0x0000000800000000)
  eden space 131008K, 34% used [0x0000000755800000,0x00000007583d9b38,0x000000075d7f0000)
  from space 21760K, 0% used [0x000000075ed30000,0x000000075ed30000,0x0000000760270000)
  to   space 21760K, 0% used [0x000000075d7f0000,0x000000075d7f0000,0x000000075ed30000)
 ParOldGen       total 349184K, used 0K [0x0000000600800000, 0x0000000615d00000, 0x0000000755800000)
  object space 349184K, 0% used [0x0000000600800000,0x0000000600800000,0x0000000615d00000)
 PSPermGen       total 21248K, used 13602K [0x00000005fb600000, 0x00000005fcac0000, 0x0000000600800000)
  object space 21248K, 64% used [0x00000005fb600000,0x00000005fc348ab0,0x00000005fcac0000)

Card table byte_map: [0x0000000005690000,0x00000000066c0000] byte_map_base: 0x00000000026b5000

Polling page: 0x0000000000be0000

Code Cache  [0x00000000025d0000, 0x0000000002840000, 0x00000000055d0000)
 total_blobs=519 nmethods=34 adapters=436 free_code_cache=48566Kb largest_free_block=49713664

Compilation events (10 events):
Event: 2.216 Thread 0x000000001be54800   31             sun.misc.FloatingDecimal::dtoa (1421 bytes)
Event: 2.220 Thread 0x000000001be56800 nmethod 30 0x0000000002662e90 code [0x0000000002662fe0, 0x00000000026633b8]
Event: 2.220 Thread 0x000000001be56800   32             java.lang.StringBuilder::append (8 bytes)
Event: 2.227 Thread 0x000000001be56800 nmethod 32 0x00000000026625d0 code [0x0000000002662720, 0x0000000002662af8]
Event: 2.227 Thread 0x000000001be56800   33             com.sun.pdfview.PDFParser::readNum (211 bytes)
Event: 2.231 Thread 0x000000001be56800 nmethod 33 0x000000000265f5d0 code [0x000000000265f740, 0x000000000265f958]
Event: 2.231 Thread 0x000000001be56800   34             java.lang.String::<init> (67 bytes)
Event: 2.236 Thread 0x000000001be56800 nmethod 34 0x0000000002660390 code [0x00000000026604e0, 0x0000000002660758]
Event: 2.236 Thread 0x000000001be56800   35             java.util.Arrays::copyOfRange (63 bytes)
Event: 2.239 Thread 0x000000001be56800 nmethod 35 0x0000000002663ad0 code [0x0000000002663c20, 0x0000000002663e18]

GC Heap History (0 events):
No events

Deoptimization events (4 events):
Event: 0.710 Thread 0x00000000023cd800 Uncommon trap -34 fr.pc 0x000000000264f2d0
Event: 0.719 Thread 0x00000000023cd800 Uncommon trap -34 fr.pc 0x000000000264f2d0
Event: 0.720 Thread 0x00000000023cd800 Uncommon trap -34 fr.pc 0x000000000264f2d0
Event: 0.720 Thread 0x00000000023cd800 Uncommon trap -34 fr.pc 0x000000000264f2d0

Internal exceptions (10 events):
Event: 2.168 Thread 0x00000000023cd800 Threw 0x0000000756a93700 at C:\jdk7u2_64p\jdk7u17\hotspot\src\share\vm\prims\jvm.cpp:1166
Event: 2.168 Thread 0x0000000021b5b000 Threw 0x000000075760b4a8 at C:\jdk7u2_64p\jdk7u17\hotspot\src\share\vm\prims\jvm.cpp:1166
Event: 2.169 Thread 0x0000000021b5b000 Threw 0x000000075760ea20 at C:\jdk7u2_64p\jdk7u17\hotspot\src\share\vm\prims\jvm.cpp:1166
Event: 2.169 Thread 0x0000000021b5b000 Threw 0x00000007576119c8 at C:\jdk7u2_64p\jdk7u17\hotspot\src\share\vm\prims\jvm.cpp:1166
Event: 2.170 Thread 0x0000000021b5b000 Threw 0x0000000757614bb8 at C:\jdk7u2_64p\jdk7u17\hotspot\src\share\vm\prims\jvm.cpp:1166
Event: 2.170 Thread 0x0000000021b5b000 Threw 0x0000000757617ce8 at C:\jdk7u2_64p\jdk7u17\hotspot\src\share\vm\prims\jvm.cpp:1166
Event: 2.171 Thread 0x0000000021b5b000 Threw 0x000000075761ad38 at C:\jdk7u2_64p\jdk7u17\hotspot\src\share\vm\prims\jvm.cpp:1166
Event: 2.176 Thread 0x0000000021b5b000 Threw 0x000000075762dda0 at C:\jdk7u2_64p\jdk7u17\hotspot\src\share\vm\prims\jvm.cpp:1166
Event: 2.177 Thread 0x0000000021b4e800 Threw 0x0000000757c2d658 at C:\jdk7u2_64p\jdk7u17\hotspot\src\share\vm\prims\jvm.cpp:1166
Event: 2.189 Thread 0x0000000021b5b000 Threw 0x0000000757633be0 at C:\jdk7u2_64p\jdk7u17\hotspot\src\share\vm\prims\jvm.cpp:1166

Events (10 events):
Event: 2.191 loading class 0x000000001e652970 done
Event: 2.191 loading class 0x000000001bcce9a0 done
Event: 2.191 loading class 0x000000001e50de50
Event: 2.191 loading class 0x000000001e50de50 done
Event: 2.191 loading class 0x000000001e51e580
Event: 2.191 loading class 0x000000001e51e580 done
Event: 2.191 loading class 0x000000001e64fa30
Event: 2.191 loading class 0x000000001e64fa30 done
Event: 2.208 loading class 0x000000001bcd1250
Event: 2.209 loading class 0x000000001bcd1250 done


Dynamic libraries:
0x000007f67eec0000 - 0x000007f67eef3000 	C:\Program Files\Java\jre7\bin\javaw.exe
0x000007f9be6e0000 - 0x000007f9be89e000 	C:\Windows\SYSTEM32\ntdll.dll
0x000007f9bc9d0000 - 0x000007f9bcb06000 	C:\Windows\system32\KERNEL32.DLL
0x000007f9bb9a0000 - 0x000007f9bba93000 	C:\Windows\system32\KERNELBASE.dll
0x000007f9bcec0000 - 0x000007f9bcf9e000 	C:\Windows\system32\ADVAPI32.dll
0x000007f9be300000 - 0x000007f9be44c000 	C:\Windows\system32\USER32.dll
0x000007f9b7ba0000 - 0x000007f9b7e09000 	C:\Windows\WinSxS\amd64_microsoft.windows.common-controls_6595b64144ccf1df_6.0.9200.16384_none_418c2a697189c07f\COMCTL32.dll
0x000007f9bc180000 - 0x000007f9bc225000 	C:\Windows\system32\msvcrt.dll
0x000007f9bce70000 - 0x000007f9bceb8000 	C:\Windows\SYSTEM32\sechost.dll
0x000007f9bc890000 - 0x000007f9bc9d0000 	C:\Windows\system32\RPCRT4.dll
0x000007f9bcc40000 - 0x000007f9bcd80000 	C:\Windows\system32\GDI32.dll
0x000007f9bce20000 - 0x000007f9bce59000 	C:\Windows\system32\IMM32.DLL
0x000007f9bbb50000 - 0x000007f9bbc65000 	C:\Windows\system32\MSCTF.dll
0x0000000067f00000 - 0x0000000067fd1000 	C:\Program Files\Java\jre7\bin\msvcr100.dll
0x00000000677e0000 - 0x0000000067eff000 	C:\Program Files\Java\jre7\bin\server\jvm.dll
0x000007f9acfd0000 - 0x000007f9acfd9000 	C:\Windows\SYSTEM32\WSOCK32.dll
0x000007f9b7e90000 - 0x000007f9b7eb0000 	C:\Windows\SYSTEM32\WINMM.dll
0x000007f9bc880000 - 0x000007f9bc887000 	C:\Windows\system32\PSAPI.DLL
0x000007f9bbe40000 - 0x000007f9bbe98000 	C:\Windows\system32\WS2_32.dll
0x000007f9b7e50000 - 0x000007f9b7e82000 	C:\Windows\SYSTEM32\WINMMBASE.dll
0x000007f9bcb10000 - 0x000007f9bcb19000 	C:\Windows\system32\NSI.dll
0x0000000068250000 - 0x000000006825f000 	C:\Program Files\Java\jre7\bin\verify.dll
0x00000000677b0000 - 0x00000000677d8000 	C:\Program Files\Java\jre7\bin\java.dll
0x0000000067790000 - 0x00000000677a5000 	C:\Program Files\Java\jre7\bin\zip.dll
0x0000000067580000 - 0x0000000067713000 	C:\Program Files\Java\jre7\bin\awt.dll
0x000007f9bc3e0000 - 0x000007f9bc4a3000 	C:\Windows\system32\OLEAUT32.dll
0x000007f9bc230000 - 0x000007f9bc3e0000 	C:\Windows\system32\combase.dll
0x000007f9b4740000 - 0x000007f9b47df000 	C:\Windows\system32\apphelp.dll
0x000007f9ba400000 - 0x000007f9ba4e3000 	C:\Windows\system32\uxtheme.dll
0x000007f9b9630000 - 0x000007f9b9651000 	C:\Windows\SYSTEM32\dwmapi.dll
0x000007f9bbea0000 - 0x000007f9bc01e000 	C:\Windows\system32\ole32.dll
0x000007f9bb450000 - 0x000007f9bb45a000 	C:\Windows\SYSTEM32\CRYPTBASE.dll
0x000007f9bb3f0000 - 0x000007f9bb44c000 	C:\Windows\SYSTEM32\bcryptPrimitives.dll
0x000007f9bd000000 - 0x000007f9be2e8000 	C:\Windows\system32\SHELL32.dll
0x000007f9bcbf0000 - 0x000007f9bcc40000 	C:\Windows\system32\SHLWAPI.dll
0x000007f9ba7d0000 - 0x000007f9ba866000 	C:\Windows\SYSTEM32\shcore.dll
0x0000000067540000 - 0x0000000067574000 	C:\Program Files\Java\jre7\bin\fontmanager.dll
0x000007f9bcb20000 - 0x000007f9bcbc1000 	C:\Windows\system32\COMDLG32.dll
0x000007f9b7400000 - 0x000007f9b747d000 	C:\Windows\SYSTEM32\WINSPOOL.DRV
0x000007f9aa8e0000 - 0x000007f9aab74000 	C:\Windows\System32\DriverStore\FileRepository\prnms003.inf_amd64_3cfd0cd4f058da8e\Amd64\PrintConfig.dll
0x000007f9aa8b0000 - 0x000007f9aa8d9000 	C:\Windows\SYSTEM32\prntvpt.dll
0x000007f9b7eb0000 - 0x000007f9b7eb9000 	C:\Windows\SYSTEM32\VERSION.dll
0x000007f9bac40000 - 0x000007f9bac5f000 	C:\Windows\SYSTEM32\USERENV.dll
0x000007f9bb610000 - 0x000007f9bb625000 	C:\Windows\SYSTEM32\profapi.dll
0x000007f9aa7c0000 - 0x000007f9aa8a4000 	C:\Windows\System32\DriverStore\FileRepository\ntprint.inf_amd64_70804bc81126e090\Amd64\mxdwdrv.dll
0x000007f9b60b0000 - 0x000007f9b60ef000 	C:\Windows\SYSTEM32\XmlLite.dll
0x000007f9aa610000 - 0x000007f9aa7c0000 	C:\Windows\SYSTEM32\opcservices.dll
0x000007f9bc020000 - 0x000007f9bc176000 	C:\Windows\system32\urlmon.dll
0x000007f9be450000 - 0x000007f9be666000 	C:\Windows\system32\iertutil.dll
0x000007f9bc650000 - 0x000007f9bc87e000 	C:\Windows\system32\WININET.dll
0x000007f9aa330000 - 0x000007f9aa60b000 	C:\Windows\SYSTEM32\xpsservices.dll
0x000007f9b3a70000 - 0x000007f9b3a8c000 	C:\Windows\system32\FontSub.dll
0x000007f9bcd80000 - 0x000007f9bce16000 	C:\Windows\SYSTEM32\clbcatq.dll
0x000007f9b3ee0000 - 0x000007f9b412b000 	C:\Windows\System32\msxml6.dll
0x0000000067770000 - 0x0000000067789000 	C:\Program Files\Java\jre7\bin\net.dll
0x000007f9bae60000 - 0x000007f9baebc000 	C:\Windows\system32\mswsock.dll
0x0000000067750000 - 0x0000000067761000 	C:\Program Files\Java\jre7\bin\nio.dll
0x000007f9abcb0000 - 0x000007f9abeb0000 	C:\Windows\system32\d3d9.dll
0x000007f9aab80000 - 0x000007f9abca8000 	C:\Windows\SYSTEM32\nvd3dumx.dll
0x000007f9bb5b0000 - 0x000007f9bb5f3000 	C:\Windows\SYSTEM32\powrprof.dll
0x00000000674f0000 - 0x0000000067531000 	C:\Program Files\Java\jre7\bin\t2k.dll
0x000007f9bbaa0000 - 0x000007f9bbb44000 	C:\Windows\WinSxS\amd64_microsoft.windows.common-controls_6595b64144ccf1df_5.82.9200.16384_none_7762d5fd3178b04e\comctl32.dll
0x000007f9bbc70000 - 0x000007f9bbe40000 	C:\Windows\system32\SETUPAPI.dll
0x000007f9bb950000 - 0x000007f9bb99f000 	C:\Windows\system32\CFGMGR32.dll
0x000007f9bb920000 - 0x000007f9bb942000 	C:\Windows\system32\DEVOBJ.dll
0x000007f9b5f00000 - 0x000007f9b605a000 	C:\Windows\system32\propsys.dll
0x000007f9ae510000 - 0x000007f9ae6ab000 	C:\Windows\system32\NetworkExplorer.dll
0x000007f9b1390000 - 0x000007f9b13c9000 	C:\Windows\System32\shdocvw.dll
0x000007f9b5870000 - 0x000007f9b5887000 	C:\Windows\SYSTEM32\MPR.dll
0x000007f9aa320000 - 0x000007f9aa32a000 	C:\Windows\System32\drprov.dll
0x000007f9bb540000 - 0x000007f9bb58e000 	C:\Windows\System32\WINSTA.dll
0x000007f9aa300000 - 0x000007f9aa313000 	C:\Windows\System32\ntlanman.dll
0x000007f9aa2e0000 - 0x000007f9aa2fe000 	C:\Windows\System32\davclnt.dll
0x000007f9aa2d0000 - 0x000007f9aa2db000 	C:\Windows\System32\DAVHLPR.dll
0x000007f9b9c10000 - 0x000007f9b9c25000 	C:\Windows\SYSTEM32\wkscli.dll
0x000007f9b09c0000 - 0x000007f9b09d1000 	C:\Windows\SYSTEM32\cscapi.dll
0x000007f9ba920000 - 0x000007f9ba92e000 	C:\Windows\SYSTEM32\netutils.dll
0x000007f9aa250000 - 0x000007f9aa2c5000 	C:\Windows\System32\dlnashext.dll
0x000007f9b27e0000 - 0x000007f9b2924000 	C:\Windows\System32\Windows.Media.Streaming.dll
0x000007f9baec0000 - 0x000007f9baeda000 	C:\Windows\SYSTEM32\CRYPTSP.dll
0x000007f9bab40000 - 0x000007f9bab89000 	C:\Windows\system32\rsaenh.dll
0x000007f9aa0f0000 - 0x000007f9aa100000 	C:\Windows\System32\DevDispItemProvider.dll
0x000007f9a9ef0000 - 0x000007f9aa0e8000 	C:\Windows\system32\wpdshext.dll
0x000007f9b7560000 - 0x000007f9b7700000 	C:\Windows\WinSxS\amd64_microsoft.windows.gdiplus_6595b64144ccf1df_1.1.9200.16518_none_726fbfe0cc22f012\gdiplus.dll
0x000007f9b6d80000 - 0x000007f9b6e1b000 	C:\Windows\System32\PortableDeviceApi.dll
0x000007f9bb6e0000 - 0x000007f9bb735000 	C:\Windows\system32\WINTRUST.dll
0x000007f9bb740000 - 0x000007f9bb917000 	C:\Windows\system32\CRYPT32.dll
0x000007f9bb6c0000 - 0x000007f9bb6d6000 	C:\Windows\system32\MSASN1.dll
0x000007f9b1690000 - 0x000007f9b16c6000 	C:\Windows\System32\EhStorShell.dll
0x000007f9a9ec0000 - 0x000007f9a9ee5000 	C:\Windows\System32\EhStorAPI.dll
0x000007f9bb520000 - 0x000007f9bb531000 	C:\Windows\System32\WTSAPI32.dll
0x000007f9b4630000 - 0x000007f9b463b000 	C:\Windows\SYSTEM32\LINKINFO.dll
0x000007f9b9840000 - 0x000007f9b99ca000 	C:\Windows\SYSTEM32\WindowsCodecs.dll
0x00000000674b0000 - 0x00000000674e9000 	C:\Program Files\Java\jre7\bin\kcms.dll

VM Arguments:
jvm_args: -Dfile.encoding=Cp1252 
java_command: com.sun.pdfview.Viewer
Launcher Type: SUN_STANDARD

Environment Variables:
PATH=C:\Program Files (x86)\NVIDIA Corporation\PhysX\Common;C:\Program Files (x86)\Intel\iCLS Client\;C:\Program Files\Intel\iCLS Client\;C:\Windows\system32;C:\Windows;C:\Windows\System32\Wbem;C:\Windows\System32\WindowsPowerShell\v1.0\;C:\Program Files\Intel\Intel(R) Management Engine Components\DAL;C:\Program Files\Intel\Intel(R) Management Engine Components\IPT;C:\Program Files (x86)\Intel\Intel(R) Management Engine Components\DAL;C:\Program Files (x86)\Intel\Intel(R) Management Engine Components\IPT
USERNAME=Fabiano
OS=Windows_NT
PROCESSOR_IDENTIFIER=Intel64 Family 6 Model 58 Stepping 9, GenuineIntel



---------------  S Y S T E M  ---------------

OS: Windows 8 , 64 bit Build 9200 

CPU:total 8 (4 cores per cpu, 2 threads per core) family 6 model 58 stepping 9, cmov, cx8, fxsr, mmx, sse, sse2, sse3, ssse3, sse4.1, sse4.2, popcnt, avx, ht, tsc, tscinvbit, tscinv

Memory: 4k page, physical 33516728k(23778160k free), swap 44474828k(5328k free)

vm_info: Java HotSpot(TM) 64-Bit Server VM (23.7-b01) for windows-amd64 JRE (1.7.0_17-b02), built on Mar  1 2013 03:38:30 by "java_re" with unknown MS VC++:1600

time: Tue Mar 26 17:16:25 2013
elapsed time: 2 seconds

